<?xml version="1.0" encoding="UTF-8"?>
<testsuite name="WindowTest" tests="3" skipped="0" failures="0" errors="0" timestamp="2024-03-20T21:04:02" hostname="LAPTOP-8098K11E" time="2.746">
  <properties/>
  <testcase name="init_createsWindow()" classname="WindowTest" time="0.463"/>
  <testcase name="run_doesNotThrowException()" classname="WindowTest" time="2.27"/>
  <testcase name="getInstance_returnsSameInstance()" classname="WindowTest" time="0.003"/>
  <system-out><![CDATA[Hello World
]]></system-out>
  <system-err><![CDATA[]]></system-err>
</testsuite>
