<?xml version="1.0" encoding="UTF-8"?>
<testsuite name="MouseListenerTest" tests="1" skipped="0" failures="0" errors="0" timestamp="2024-03-25T21:35:08" hostname="LAPTOP-8098K11E" time="0.02">
  <properties/>
  <testcase name="testMouseListeners()" classname="MouseListenerTest" time="0.02"/>
  <system-out><![CDATA[]]></system-out>
  <system-err><![CDATA[]]></system-err>
</testsuite>
