<?xml version="1.0" encoding="UTF-8"?>
<testsuite name="WindowTest" tests="3" skipped="0" failures="0" errors="0" timestamp="2024-02-07T16:44:21" hostname="LAPTOP-8098K11E" time="7.848">
  <properties/>
  <testcase name="init_createsWindow()" classname="WindowTest" time="0.312"/>
  <testcase name="run_doesNotThrowException()" classname="WindowTest" time="7.53"/>
  <testcase name="getInstance_returnsSameInstance()" classname="WindowTest" time="0.002"/>
  <system-out><![CDATA[Hello World
]]></system-out>
  <system-err><![CDATA[]]></system-err>
</testsuite>
